<?xml version="1.0" encoding="UTF-8"?>
<!-- Generated by org.testng.reporters.JUnitXMLReporter -->
<testsuite hostname="GS-5241" ignored="1" name="Default test" tests="1" failures="0" timestamp="2020-05-27T13:05:20 IST" time="28.158" errors="0">
  <testcase name="TC_validateoutputDateInFormat" time="5.513" classname="com.task.automation.test.HomeScreen"/>
  <testcase name="TC_validateoutputDateInvalidFormat" time="0.0" classname="com.task.automation.test.HomeScreen">
    <ignored/>
  </testcase> <!-- TC_validateoutputDateInvalidFormat -->
</testsuite> <!-- Default test -->
