<?xml version="1.0" encoding="UTF-8"?>
<!-- Generated by org.testng.reporters.JUnitXMLReporter -->
<testsuite hostname="GS-5241" ignored="4" name="Automation Test Cases" tests="7" failures="0" timestamp="2020-03-19T17:33:47 IST" time="169.921" errors="0">
  <testcase name="TC_validateInvalidPasswordErrMsg" time="11.329" classname="com.task.automation.test.SignIn"/>
  <testcase name="TC_validateInvalidUsernameErrMsg" time="7.277" classname="com.task.automation.test.SignIn"/>
  <testcase name="TC_validateLogin" time="7.987" classname="com.task.automation.test.SignIn"/>
  <testcase name="TC_validateWelcomeMessage" time="14.222" classname="com.task.automation.test.HomeScreen"/>
  <testcase name="TC_validateOptions" time="13.266" classname="com.task.automation.test.HomeScreen"/>
  <testcase name="TC_validateCreateUser" time="14.63" classname="com.task.automation.test.HomeScreen"/>
  <testcase name="TC_validateDeleteUser" time="11.59" classname="com.task.automation.test.HomeScreen"/>
  <testcase name="@AfterTest afterTest" time="0.0" classname="com.task.automation.core.BaseTestCase">
    <ignored/>
  </testcase> <!-- @AfterTest afterTest -->
  <testcase name="@AfterSuite endReport" time="0.0" classname="com.task.automation.core.BaseTestCase">
    <ignored/>
  </testcase> <!-- @AfterSuite endReport -->
  <testcase name="@BeforeSuite config" time="0.0" classname="com.task.automation.core.BaseTestCase">
    <ignored/>
  </testcase> <!-- @BeforeSuite config -->
  <testcase name="@BeforeTest beforeTest" time="0.0" classname="com.task.automation.core.BaseTestCase">
    <ignored/>
  </testcase> <!-- @BeforeTest beforeTest -->
</testsuite> <!-- Automation Test Cases -->
